<?xml version="1.0" encoding="UTF-8"?>
<!-- Generated by org.testng.reporters.JUnitReportReporter -->
<testsuite hostname="DESKTOP-M8A7QND" failures="0" tests="1" name="test.Base" time="1.738" errors="0" timestamp="2023-04-23T17:40:27 EDT" skipped="0">
  <testcase classname="test.Base" name="beforeSuite" time="1.738"/>
  <system-out/>
</testsuite> <!-- test.Base -->
