<?xml version="1.0" encoding="UTF-8"?>
<!-- Generated by org.testng.reporters.JUnitReportReporter -->
<testsuite hostname="DESKTOP-M8A7QND" failures="0" tests="10" name="test.LoginTest" time="3.737" errors="0" timestamp="2023-04-27T14:07:06 EDT" skipped="0">
  <testcase classname="test.LoginTest" name="ValidateUN" time="0.410"/>
  <system-out/>
  <testcase classname="test.LoginTest" name="ValidateUN" time="0.411"/>
  <system-out/>
  <testcase classname="test.LoginTest" name="inValidateUNValidPW" time="0.281"/>
  <system-out/>
  <testcase classname="test.LoginTest" name="inValidateUNValidPW" time="0.307"/>
  <system-out/>
  <testcase classname="test.LoginTest" name="inValidateUNinValidPW" time="0.300"/>
  <system-out/>
  <testcase classname="test.LoginTest" name="inValidateUNinValidPW" time="0.319"/>
  <system-out/>
  <testcase classname="test.LoginTest" name="ValidateUNinValidPW" time="0.324"/>
  <system-out/>
  <testcase classname="test.LoginTest" name="ValidateUNinValidPW" time="0.298"/>
  <system-out/>
  <testcase classname="test.LoginTest" name="ValidateLoginButton" time="0.912"/>
  <system-out/>
  <testcase classname="test.LoginTest" name="ValidateLoginButton" time="0.175"/>
  <system-out/>
</testsuite> <!-- test.LoginTest -->
