<?xml version="1.0" encoding="UTF-8"?>
<!-- Generated by org.testng.reporters.JUnitReportReporter -->
<testsuite hostname="DESKTOP-M8A7QND" failures="0" tests="4" name="test.LoginValidations" time="0.028" errors="0" timestamp="2023-04-27T14:07:06 EDT" skipped="0">
  <testcase classname="test.LoginValidations" name="ValidateUrl" time="0.008"/>
  <system-out/>
  <testcase classname="test.LoginValidations" name="ValidateUrl" time="0.006"/>
  <system-out/>
  <testcase classname="test.LoginValidations" name="ValidateTitle" time="0.008"/>
  <system-out/>
  <testcase classname="test.LoginValidations" name="ValidateTitle" time="0.006"/>
  <system-out/>
</testsuite> <!-- test.LoginValidations -->
